[2023-08-09 23:54:30] [ ERROR] [OdontologoDaoH2:42] Table "ODONTOLOGOS" not found (this database is empty); SQL statement:
INSERT INTO ODONTOLOGOS (NUMEROMATRICULA, NOMBRE, APELLIDO) VALUES (?,?,?) [42104-220]
[2023-08-09 23:55:42] [ INFO ] [OdontologoDaoH2:39] Odontologo registrado: 
Id: 1 - numero Matricula: 123456 - Nombre: Patricia - apellido: Sanchez
[2023-08-09 23:57:55] [ ERROR] [OdontologoDaoH2:82] No se ha encontrado el odontologo con ID: 1
[2023-08-09 23:57:55] [ INFO ] [OdontologoDaoH2:39] Odontologo registrado: 
Id: 1 - numero Matricula: 123456 - Nombre: Patricia - apellido: Sanchez
[2023-08-09 23:59:29] [ INFO ] [OdontologoDaoH2:39] Odontologo registrado: 
Id: 1 - numero Matricula: 1036666 - Nombre: Fredy - apellido: Ospina
[2023-08-09 23:59:29] [ INFO ] [OdontologoDaoH2:83] se ha encontrado el odontologo con ID: 
Id: 0 - numero Matricula: 1 - Nombre: 1036666 - apellido: Fredy
[2023-08-09 23:59:29] [ INFO ] [OdontologoDaoH2:39] Odontologo registrado: 
Id: 2 - numero Matricula: 123456 - Nombre: Patricia - apellido: Sanchez
[2023-08-10 00:01:02] [ INFO ] [OdontologoDaoH2:39] Odontologo registrado: 
Id: 1 - numero Matricula: 1036666 - Nombre: Fredy - apellido: Ospina
[2023-08-10 00:01:02] [ INFO ] [OdontologoDaoH2:83] se ha encontrado el odontologo con ID: 
Id: 0 - numero Matricula: 1 - Nombre: 1036666 - apellido: Fredy
[2023-08-10 00:02:15] [ INFO ] [OdontologoDaoH2:39] Odontologo registrado: 
Id: 1 - numero Matricula: 1036666 - Nombre: Fredy - apellido: Ospina
[2023-08-10 00:02:15] [ INFO ] [OdontologoDaoH2:83] se ha encontrado el odontologo con ID: 
Id: 0 - numero Matricula: 1 - Nombre: 1036666 - apellido: Fredy
[2023-08-10 00:07:25] [ INFO ] [OdontologoDaoH2:39] Odontologo registrado: 
Id: 1 - numero Matricula: 123456 - Nombre: Patricia - apellido: Sanchez
[2023-08-10 00:07:25] [ INFO ] [OdontologoDaoH2:39] Odontologo registrado: 
Id: 2 - numero Matricula: 1036666 - Nombre: Fredy - apellido: Ospina
[2023-08-10 00:07:25] [ INFO ] [OdontologoDaoH2:115] Los odontologos se encuentran listados: [
Id: 0 - numero Matricula: 1 - Nombre: 123456 - apellido: Patricia, 
Id: 0 - numero Matricula: 2 - Nombre: 1036666 - apellido: Fredy]
[2023-08-10 00:08:16] [ INFO ] [OdontologoDaoH2:39] Odontologo registrado: 
Id: 1 - numero Matricula: 123456 - Nombre: Patricia - apellido: Sanchez
[2023-08-10 00:08:16] [ INFO ] [OdontologoDaoH2:39] Odontologo registrado: 
Id: 2 - numero Matricula: 1036666 - Nombre: Fredy - apellido: Ospina
[2023-08-10 00:08:16] [ INFO ] [OdontologoDaoH2:115] Los odontologos se encuentran listados: [
Id: 0 - numero Matricula: 1 - Nombre: 123456 - apellido: Patricia, 
Id: 0 - numero Matricula: 2 - Nombre: 1036666 - apellido: Fredy]
[2023-08-10 00:09:08] [ INFO ] [OdontologoDaoH2:39] Odontologo registrado: 
Id: 1 - numero Matricula: 123456 - Nombre: Patricia - apellido: Sanchez
[2023-08-10 00:09:08] [ INFO ] [OdontologoDaoH2:39] Odontologo registrado: 
Id: 2 - numero Matricula: 1036666 - Nombre: Fredy - apellido: Ospina
[2023-08-10 00:09:08] [ INFO ] [OdontologoDaoH2:115] Los odontologos se encuentran listados: [
Id: 0 - numero Matricula: 1 - Nombre: 123456 - apellido: Patricia, 
Id: 0 - numero Matricula: 2 - Nombre: 1036666 - apellido: Fredy]
[2023-08-10 00:10:13] [ INFO ] [OdontologoDaoH2:39] Odontologo registrado: 
Id: 1 - numero Matricula: 123456 - Nombre: Patricia - apellido: Sanchez
[2023-08-10 00:10:13] [ INFO ] [OdontologoDaoH2:39] Odontologo registrado: 
Id: 2 - numero Matricula: 1036666 - Nombre: Fredy - apellido: Ospina
[2023-08-10 00:10:13] [ INFO ] [OdontologoDaoH2:115] Los odontologos se encuentran listados: [
Id: 0 - numero Matricula: 1 - Nombre: 123456 - apellido: Patricia, 
Id: 0 - numero Matricula: 2 - Nombre: 1036666 - apellido: Fredy]
[2023-08-10 00:17:47] [ INFO ] [OdontologoDaoH2:39] Odontologo registrado: 
Id: 1 - numero Matricula: 123456 - Nombre: Patricia - apellido: Sanchez
[2023-08-10 00:17:47] [ INFO ] [OdontologoDaoH2:39] Odontologo registrado: 
Id: 2 - numero Matricula: 1036666 - Nombre: Fredy - apellido: Ospina
[2023-08-10 00:17:47] [ INFO ] [OdontologoDaoH2:115] Los odontologos se encuentran listados: [
Id: 1 - numero Matricula: 123456 - Nombre: Patricia - apellido: Sanchez, 
Id: 2 - numero Matricula: 1036666 - Nombre: Fredy - apellido: Ospina]
[2023-08-10 00:18:44] [ INFO ] [OdontologoDaoH2:39] Odontologo registrado: 
Id: 1 - numero Matricula: 123456 - Nombre: Patricia - apellido: Sanchez
[2023-08-10 00:18:44] [ INFO ] [OdontologoDaoH2:39] Odontologo registrado: 
Id: 2 - numero Matricula: 1036666 - Nombre: Fredy - apellido: Ospina
[2023-08-10 00:18:44] [ INFO ] [OdontologoDaoH2:115] Los odontologos se encuentran listados: [
Id: 1 - numero Matricula: 123456 - Nombre: Patricia - apellido: Sanchez, 
Id: 2 - numero Matricula: 1036666 - Nombre: Fredy - apellido: Ospina]
[2023-08-10 00:19:59] [ INFO ] [OdontologoDaoH2:39] Odontologo registrado: 
Id: 1 - numero Matricula: 123456 - Nombre: Patricia - apellido: Sanchez
[2023-08-10 00:19:59] [ INFO ] [OdontologoDaoH2:39] Odontologo registrado: 
Id: 2 - numero Matricula: 1036666 - Nombre: Fredy - apellido: Ospina
[2023-08-10 00:19:59] [ INFO ] [OdontologoDaoH2:115] Los odontologos se encuentran listados: [
Id: 1 - numero Matricula: 123456 - Nombre: Patricia - apellido: Sanchez, 
Id: 2 - numero Matricula: 1036666 - Nombre: Fredy - apellido: Ospina]
[2023-08-10 00:20:38] [ INFO ] [OdontologoDaoH2:39] Odontologo registrado: 
Id: 1 - numero Matricula: 123456 - Nombre: Patricia - apellido: Sanchez
[2023-08-10 00:20:38] [ INFO ] [OdontologoDaoH2:39] Odontologo registrado: 
Id: 2 - numero Matricula: 1036666 - Nombre: Fredy - apellido: Ospina
[2023-08-10 00:20:38] [ INFO ] [OdontologoDaoH2:115] Los odontologos se encuentran listados: [
Id: 1 - numero Matricula: 123456 - Nombre: Patricia - apellido: Sanchez, 
Id: 2 - numero Matricula: 1036666 - Nombre: Fredy - apellido: Ospina]
[2023-08-10 00:20:54] [ INFO ] [OdontologoDaoH2:39] Odontologo registrado: 
Id: 1 - numero Matricula: 123456 - Nombre: Patricia - apellido: Sanchez
[2023-08-10 00:20:55] [ INFO ] [OdontologoDaoH2:39] Odontologo registrado: 
Id: 2 - numero Matricula: 1036666 - Nombre: Fredy - apellido: Ospina
[2023-08-10 00:20:55] [ INFO ] [OdontologoDaoH2:115] Los odontologos se encuentran listados: [
Id: 1 - numero Matricula: 123456 - Nombre: Patricia - apellido: Sanchez, 
Id: 2 - numero Matricula: 1036666 - Nombre: Fredy - apellido: Ospina]
[2023-08-10 00:21:15] [ INFO ] [OdontologoDaoH2:39] Odontologo registrado: 
Id: 1 - numero Matricula: 123456 - Nombre: Patricia - apellido: Sanchez
[2023-08-10 00:21:15] [ INFO ] [OdontologoDaoH2:39] Odontologo registrado: 
Id: 2 - numero Matricula: 1036666 - Nombre: Fredy - apellido: Ospina
[2023-08-10 00:21:15] [ INFO ] [OdontologoDaoH2:115] Los odontologos se encuentran listados: [
Id: 1 - numero Matricula: 123456 - Nombre: Patricia - apellido: Sanchez, 
Id: 2 - numero Matricula: 1036666 - Nombre: Fredy - apellido: Ospina]
[2023-08-10 00:25:12] [ INFO ] [OdontologoDaoH2:39] Odontologo registrado: 
Id: 1 - numero Matricula: 123456 - Nombre: Patricia - apellido: Sanchez
[2023-08-10 00:25:12] [ INFO ] [OdontologoDaoH2:39] Odontologo registrado: 
Id: 2 - numero Matricula: 1036666 - Nombre: Fredy - apellido: Ospina
[2023-08-10 00:25:12] [ INFO ] [OdontologoDaoH2:115] Los odontologos se encuentran listados: [
Id: 1 - numero Matricula: 123456 - Nombre: Patricia - apellido: Sanchez, 
Id: 2 - numero Matricula: 1036666 - Nombre: Fredy - apellido: Ospina]
[2023-08-10 00:26:11] [ INFO ] [OdontologoDaoH2:39] Odontologo registrado: 
Id: 1 - numero Matricula: 123456 - Nombre: Patricia - apellido: Sanchez
[2023-08-10 00:26:11] [ INFO ] [OdontologoDaoH2:39] Odontologo registrado: 
Id: 2 - numero Matricula: 1036666 - Nombre: Fredy - apellido: Ospina
[2023-08-10 00:26:11] [ INFO ] [OdontologoDaoH2:115] Los odontologos se encuentran listados: [
Id: 1 - numero Matricula: 123456 - Nombre: Patricia - apellido: Sanchez, 
Id: 2 - numero Matricula: 1036666 - Nombre: Fredy - apellido: Ospina]
[2023-08-10 00:28:31] [ INFO ] [OdontologoDaoH2:39] Odontologo registrado: 
Id: 1 - numero Matricula: 123456 - Nombre: Patricia - apellido: Sanchez
[2023-08-10 00:28:31] [ INFO ] [OdontologoDaoH2:39] Odontologo registrado: 
Id: 2 - numero Matricula: 1036666 - Nombre: Fredy - apellido: Ospina
[2023-08-10 00:28:31] [ INFO ] [OdontologoDaoH2:115] Los odontologos se encuentran listados: [
Id: 1 - numero Matricula: 123456 - Nombre: Patricia - apellido: Sanchez, 
Id: 2 - numero Matricula: 1036666 - Nombre: Fredy - apellido: Ospina]
[2023-08-10 00:29:45] [ INFO ] [OdontologoDaoH2:39] Odontologo registrado: 
Id: 1 - numero Matricula: 123456 - Nombre: Patricia - apellido: Sanchez
[2023-08-10 00:29:54] [ INFO ] [OdontologoDaoH2:39] Odontologo registrado: 
Id: 1 - numero Matricula: 1036666 - Nombre: Fredy - apellido: Ospina
[2023-08-10 00:29:54] [ INFO ] [OdontologoDaoH2:83] se ha encontrado el odontologo con ID: 
Id: 0 - numero Matricula: 1 - Nombre: 1036666 - apellido: Fredy
[2023-08-10 00:31:40] [ INFO ] [OdontologoDaoH2:39] Odontologo registrado: 
Id: 1 - numero Matricula: 1036666 - Nombre: Fredy - apellido: Ospina
[2023-08-10 00:31:40] [ INFO ] [OdontologoDaoH2:83] se ha encontrado el odontologo con ID: 
Id: 1 - numero Matricula: 1036666 - Nombre: Fredy - apellido: Ospina
[2023-08-10 00:31:56] [ INFO ] [OdontologoDaoH2:39] Odontologo registrado: 
Id: 1 - numero Matricula: 123456 - Nombre: Patricia - apellido: Sanchez
[2023-08-10 00:32:09] [ INFO ] [OdontologoDaoH2:39] Odontologo registrado: 
Id: 1 - numero Matricula: 1036666 - Nombre: Fredy - apellido: Ospina
[2023-08-10 00:32:09] [ INFO ] [OdontologoDaoH2:83] se ha encontrado el odontologo con ID: 
Id: 1 - numero Matricula: 1036666 - Nombre: Fredy - apellido: Ospina
[2023-08-10 00:32:22] [ INFO ] [OdontologoDaoH2:39] Odontologo registrado: 
Id: 1 - numero Matricula: 123456 - Nombre: Patricia - apellido: Sanchez
[2023-08-10 00:32:22] [ INFO ] [OdontologoDaoH2:39] Odontologo registrado: 
Id: 2 - numero Matricula: 1036666 - Nombre: Fredy - apellido: Ospina
[2023-08-10 00:32:22] [ INFO ] [OdontologoDaoH2:115] Los odontologos se encuentran listados: [
Id: 1 - numero Matricula: 123456 - Nombre: Patricia - apellido: Sanchez, 
Id: 2 - numero Matricula: 1036666 - Nombre: Fredy - apellido: Ospina]
[2023-08-10 00:33:57] [ INFO ] [OdontologoDaoH2:39] Odontologo registrado: 
Id: 1 - numero Matricula: 123456 - Nombre: Patricia - apellido: Sanchez
[2023-08-10 00:33:57] [ INFO ] [OdontologoDaoH2:39] Odontologo registrado: 
Id: 2 - numero Matricula: 1036666 - Nombre: Fredy - apellido: Ospina
[2023-08-10 00:33:57] [ INFO ] [OdontologoDaoH2:115] Los odontologos se encuentran listados: [
Id: 1 - numero Matricula: 123456 - Nombre: Patricia - apellido: Sanchez, 
Id: 2 - numero Matricula: 1036666 - Nombre: Fredy - apellido: Ospina]
[2023-08-10 00:35:14] [ INFO ] [OdontologoDaoH2:39] Odontologo registrado: 
Id: 1 - numero Matricula: 1036666 - Nombre: Fredy - apellido: Ospina
[2023-08-10 00:35:14] [ INFO ] [OdontologoDaoH2:83] se ha encontrado el odontologo con ID: 
Id: 1 - numero Matricula: 1036666 - Nombre: Fredy - apellido: Ospina
[2023-08-10 00:36:33] [ INFO ] [OdontologoDaoH2:39] Odontologo registrado: 
Id: 1 - numero Matricula: 123456 - Nombre: Patricia - apellido: Sanchez
[2023-08-10 00:36:33] [ INFO ] [OdontologoDaoH2:39] Odontologo registrado: 
Id: 2 - numero Matricula: 1036666 - Nombre: Fredy - apellido: Ospina
[2023-08-10 00:37:55] [ INFO ] [OdontologoDaoH2:39] Odontologo registrado: 
Id: 1 - numero Matricula: 123456 - Nombre: Patricia - apellido: Sanchez
[2023-08-10 00:37:55] [ INFO ] [OdontologoDaoH2:39] Odontologo registrado: 
Id: 2 - numero Matricula: 1036666 - Nombre: Fredy - apellido: Ospina
[2023-08-10 00:37:55] [ INFO ] [OdontologoDaoH2:115] Los odontologos se encuentran listados: [
Id: 1 - numero Matricula: 123456 - Nombre: Patricia - apellido: Sanchez, 
Id: 2 - numero Matricula: 1036666 - Nombre: Fredy - apellido: Ospina]
[2023-08-10 00:38:22] [ INFO ] [OdontologoDaoH2:39] Odontologo registrado: 
Id: 1 - numero Matricula: 123456 - Nombre: Patricia - apellido: Sanchez
[2023-08-10 00:38:22] [ INFO ] [OdontologoDaoH2:39] Odontologo registrado: 
Id: 2 - numero Matricula: 1036666 - Nombre: Fredy - apellido: Ospina
[2023-08-10 00:38:22] [ INFO ] [OdontologoDaoH2:115] Los odontologos se encuentran listados: [
Id: 1 - numero Matricula: 123456 - Nombre: Patricia - apellido: Sanchez, 
Id: 2 - numero Matricula: 1036666 - Nombre: Fredy - apellido: Ospina]
[2023-08-10 00:38:37] [ INFO ] [OdontologoDaoH2:39] Odontologo registrado: 
Id: 1 - numero Matricula: 123456 - Nombre: Patricia - apellido: Sanchez
[2023-08-10 00:38:37] [ INFO ] [OdontologoDaoH2:39] Odontologo registrado: 
Id: 2 - numero Matricula: 1036666 - Nombre: Fredy - apellido: Ospina
[2023-08-10 00:38:37] [ INFO ] [OdontologoDaoH2:115] Los odontologos se encuentran listados: [
Id: 1 - numero Matricula: 123456 - Nombre: Patricia - apellido: Sanchez, 
Id: 2 - numero Matricula: 1036666 - Nombre: Fredy - apellido: Ospina]
[2023-08-10 00:39:27] [ INFO ] [OdontologoDaoH2:39] Odontologo registrado: 
Id: 1 - numero Matricula: 123456 - Nombre: Patricia - apellido: Sanchez
[2023-08-10 00:39:27] [ INFO ] [OdontologoDaoH2:39] Odontologo registrado: 
Id: 2 - numero Matricula: 1036666 - Nombre: Fredy - apellido: Ospina
[2023-08-10 00:39:28] [ INFO ] [OdontologoDaoH2:115] Los odontologos se encuentran listados: [
Id: 1 - numero Matricula: 123456 - Nombre: Patricia - apellido: Sanchez, 
Id: 2 - numero Matricula: 1036666 - Nombre: Fredy - apellido: Ospina]
[2023-08-10 00:40:19] [ INFO ] [OdontologoDaoH2:39] Odontologo registrado: 
Id: 1 - numero Matricula: 123456 - Nombre: Patricia - apellido: Sanchez
[2023-08-10 00:40:20] [ INFO ] [OdontologoDaoH2:39] Odontologo registrado: 
Id: 2 - numero Matricula: 1036666 - Nombre: Fredy - apellido: Ospina
[2023-08-10 00:40:20] [ INFO ] [OdontologoDaoH2:115] Los odontologos se encuentran listados: [
Id: 1 - numero Matricula: 123456 - Nombre: Patricia - apellido: Sanchez, 
Id: 2 - numero Matricula: 1036666 - Nombre: Fredy - apellido: Ospina]
[2023-08-10 00:40:37] [ INFO ] [OdontologoDaoH2:39] Odontologo registrado: 
Id: 1 - numero Matricula: 123456 - Nombre: Patricia - apellido: Sanchez
[2023-08-10 00:40:37] [ INFO ] [OdontologoDaoH2:39] Odontologo registrado: 
Id: 2 - numero Matricula: 1036666 - Nombre: Fredy - apellido: Ospina
[2023-08-10 00:40:37] [ INFO ] [OdontologoDaoH2:115] Los odontologos se encuentran listados: [
Id: 1 - numero Matricula: 123456 - Nombre: Patricia - apellido: Sanchez, 
Id: 2 - numero Matricula: 1036666 - Nombre: Fredy - apellido: Ospina]
[2023-08-10 00:52:51] [ INFO ] [OdontologoDaoH2:39] Odontologo registrado: 
Id: 1 - numero Matricula: 123456 - Nombre: Patricia - apellido: Sanchez
[2023-08-10 00:52:51] [ INFO ] [OdontologoDaoH2:39] Odontologo registrado: 
Id: 2 - numero Matricula: 1036666 - Nombre: Fredy - apellido: Ospina
[2023-08-10 00:52:51] [ INFO ] [OdontologoDaoH2:115] Los odontologos se encuentran listados: [
Id: 1 - numero Matricula: 123456 - Nombre: Patricia - apellido: Sanchez, 
Id: 2 - numero Matricula: 1036666 - Nombre: Fredy - apellido: Ospina]
[2023-08-10 00:52:51] [ INFO ] [OdontologoDaoH2:39] Odontologo registrado: 
Id: 3 - numero Matricula: 1036666 - Nombre: Fredy - apellido: Ospina
[2023-08-10 00:52:51] [ INFO ] [OdontologoDaoH2:83] se ha encontrado el odontologo con ID: 
Id: 1 - numero Matricula: 123456 - Nombre: Patricia - apellido: Sanchez
[2023-08-10 00:52:51] [ INFO ] [OdontologoDaoH2:39] Odontologo registrado: 
Id: 4 - numero Matricula: 123456 - Nombre: Patricia - apellido: Sanchez
[2023-08-10 00:53:17] [ INFO ] [OdontologoDaoH2:39] Odontologo registrado: 
Id: 1 - numero Matricula: 123456 - Nombre: Patricia - apellido: Sanchez
[2023-08-10 00:53:17] [ INFO ] [OdontologoDaoH2:39] Odontologo registrado: 
Id: 2 - numero Matricula: 1036666 - Nombre: Fredy - apellido: Ospina
[2023-08-10 00:53:17] [ INFO ] [OdontologoDaoH2:115] Los odontologos se encuentran listados: [
Id: 1 - numero Matricula: 123456 - Nombre: Patricia - apellido: Sanchez, 
Id: 2 - numero Matricula: 1036666 - Nombre: Fredy - apellido: Ospina]
[2023-08-10 00:53:29] [ INFO ] [OdontologoDaoH2:39] Odontologo registrado: 
Id: 1 - numero Matricula: 123456 - Nombre: Patricia - apellido: Sanchez
[2023-08-10 00:53:29] [ INFO ] [OdontologoDaoH2:39] Odontologo registrado: 
Id: 2 - numero Matricula: 1036666 - Nombre: Fredy - apellido: Ospina
[2023-08-10 00:53:29] [ INFO ] [OdontologoDaoH2:115] Los odontologos se encuentran listados: [
Id: 1 - numero Matricula: 123456 - Nombre: Patricia - apellido: Sanchez, 
Id: 2 - numero Matricula: 1036666 - Nombre: Fredy - apellido: Ospina]
[2023-08-10 00:53:29] [ INFO ] [OdontologoDaoH2:39] Odontologo registrado: 
Id: 3 - numero Matricula: 1036666 - Nombre: Fredy - apellido: Ospina
[2023-08-10 00:53:29] [ INFO ] [OdontologoDaoH2:83] se ha encontrado el odontologo con ID: 
Id: 1 - numero Matricula: 123456 - Nombre: Patricia - apellido: Sanchez
[2023-08-10 00:53:29] [ INFO ] [OdontologoDaoH2:39] Odontologo registrado: 
Id: 4 - numero Matricula: 123456 - Nombre: Patricia - apellido: Sanchez
[2023-08-10 01:05:02] [ INFO ] [OdontologoDaoH2:39] Odontologo registrado: 
Id: 1 - numero Matricula: 123456 - Nombre: Patricia - apellido: Sanchez
[2023-08-10 01:05:02] [ INFO ] [OdontologoDaoH2:39] Odontologo registrado: 
Id: 2 - numero Matricula: 1036666 - Nombre: Fredy - apellido: Ospina
[2023-08-10 01:05:02] [ INFO ] [OdontologoDaoH2:115] Los odontologos se encuentran listados: [
Id: 1 - numero Matricula: 123456 - Nombre: Patricia - apellido: Sanchez, 
Id: 2 - numero Matricula: 1036666 - Nombre: Fredy - apellido: Ospina]
[2023-08-10 01:05:02] [ INFO ] [OdontologoDaoH2:39] Odontologo registrado: 
Id: 3 - numero Matricula: 1036666 - Nombre: Fredy - apellido: Ospina
[2023-08-10 01:05:02] [ INFO ] [OdontologoDaoH2:83] se ha encontrado el odontologo con ID: 
Id: 1 - numero Matricula: 123456 - Nombre: Patricia - apellido: Sanchez
[2023-08-10 01:05:02] [ INFO ] [OdontologoDaoH2:39] Odontologo registrado: 
Id: 4 - numero Matricula: 123456 - Nombre: Patricia - apellido: Sanchez
[2023-08-10 01:11:36] [ INFO ] [OdontologDaoEnMemoria:22] Odontologo guardado: 
Id: 0 - numero Matricula: 123456 - Nombre: Patricia - apellido: Sanchez
[2023-08-10 01:11:36] [ INFO ] [OdontologDaoEnMemoria:22] Odontologo guardado: 
Id: 0 - numero Matricula: 1036666 - Nombre: Fredy - apellido: Ospina
[2023-08-10 01:11:36] [ INFO ] [OdontologDaoEnMemoria:35] Lista de todos los odontologos : /n[
Id: 0 - numero Matricula: 123456 - Nombre: Patricia - apellido: Sanchez, 
Id: 0 - numero Matricula: 1036666 - Nombre: Fredy - apellido: Ospina]
[2023-08-10 01:12:26] [ INFO ] [OdontologDaoEnMemoria:22] Odontologo guardado: 
Id: 0 - numero Matricula: 123456 - Nombre: Patricia - apellido: Sanchez
[2023-08-10 01:12:27] [ INFO ] [OdontologDaoEnMemoria:22] Odontologo guardado: 
Id: 0 - numero Matricula: 1036666 - Nombre: Fredy - apellido: Ospina
[2023-08-10 01:12:27] [ INFO ] [OdontologDaoEnMemoria:35] Lista de todos los odontologos : /n[
Id: 0 - numero Matricula: 123456 - Nombre: Patricia - apellido: Sanchez, 
Id: 0 - numero Matricula: 1036666 - Nombre: Fredy - apellido: Ospina]
[2023-08-10 01:13:42] [ INFO ] [OdontologDaoEnMemoria:22] Odontologo guardado: 
Id: 0 - numero Matricula: 123456 - Nombre: Patricia - apellido: Sanchez
[2023-08-10 01:13:42] [ INFO ] [OdontologDaoEnMemoria:22] Odontologo guardado: 
Id: 0 - numero Matricula: 1036666 - Nombre: Fredy - apellido: Ospina
[2023-08-10 01:13:42] [ INFO ] [OdontologDaoEnMemoria:35] Lista de todos los odontologos : /n[
Id: 0 - numero Matricula: 123456 - Nombre: Patricia - apellido: Sanchez, 
Id: 0 - numero Matricula: 1036666 - Nombre: Fredy - apellido: Ospina]
[2023-08-10 01:15:51] [ INFO ] [OdontologDaoEnMemoria:22] Odontologo guardado: 
Id: 1 - numero Matricula: 1123456 - Nombre: Patricia - apellido: Sanchez
[2023-08-10 01:15:51] [ INFO ] [OdontologDaoEnMemoria:22] Odontologo guardado: 
Id: 2 - numero Matricula: 1036666 - Nombre: Fredy - apellido: Ospina
[2023-08-10 01:15:51] [ INFO ] [OdontologDaoEnMemoria:35] Lista de todos los odontologos : /n[
Id: 1 - numero Matricula: 1123456 - Nombre: Patricia - apellido: Sanchez, 
Id: 2 - numero Matricula: 1036666 - Nombre: Fredy - apellido: Ospina]
[2023-08-10 01:17:56] [ INFO ] [OdontologDaoEnMemoria:22] Odontologo guardado: 
Id: 1 - numero Matricula: 1123456 - Nombre: Patricia - apellido: Sanchez
[2023-08-10 01:17:56] [ INFO ] [OdontologDaoEnMemoria:22] Odontologo guardado: 
Id: 2 - numero Matricula: 1036666 - Nombre: Fredy - apellido: Ospina
[2023-08-10 01:17:56] [ INFO ] [OdontologDaoEnMemoria:35] Lista de todos los odontologos : /n[
Id: 1 - numero Matricula: 1123456 - Nombre: Patricia - apellido: Sanchez, 
Id: 2 - numero Matricula: 1036666 - Nombre: Fredy - apellido: Ospina]
[2023-08-10 01:19:41] [ INFO ] [OdontologDaoEnMemoria:22] Odontologo guardado: 
Id: 1 - numero Matricula: 4555454 - Nombre: Esneyder - apellido: De Sanchez
[2023-08-10 01:19:41] [ INFO ] [OdontologDaoEnMemoria:29] El Odontologo de ID 1se encuentra en la Base de Datos 
Id: 1 - numero Matricula: 4555454 - Nombre: Esneyder - apellido: De Sanchez
[2023-08-10 01:35:18] [ INFO ] [OdontologoDaoH2:39] Odontologo registrado: 
Id: 1 - numero Matricula: 123456 - Nombre: Patricia - apellido: Sanchez
[2023-08-10 01:35:25] [ INFO ] [OdontologoDaoH2:39] Odontologo registrado: 
Id: 1 - numero Matricula: 1036666 - Nombre: Fredy - apellido: Ospina
[2023-08-10 01:35:25] [ INFO ] [OdontologoDaoH2:83] se ha encontrado el odontologo con ID: 
Id: 1 - numero Matricula: 1036666 - Nombre: Fredy - apellido: Ospina
[2023-08-10 01:35:31] [ INFO ] [OdontologoDaoH2:39] Odontologo registrado: 
Id: 1 - numero Matricula: 123456 - Nombre: Patricia - apellido: Sanchez
[2023-08-10 01:35:31] [ INFO ] [OdontologoDaoH2:39] Odontologo registrado: 
Id: 2 - numero Matricula: 1036666 - Nombre: Fredy - apellido: Ospina
[2023-08-10 01:35:31] [ INFO ] [OdontologoDaoH2:115] Los odontologos se encuentran listados: [
Id: 1 - numero Matricula: 123456 - Nombre: Patricia - apellido: Sanchez, 
Id: 2 - numero Matricula: 1036666 - Nombre: Fredy - apellido: Ospina]
[2023-08-10 01:37:10] [ INFO ] [OdontologoDaoH2:39] Odontologo registrado: 
Id: 1 - numero Matricula: 123456 - Nombre: Patricia - apellido: Sanchez
[2023-08-10 01:37:10] [ INFO ] [OdontologoDaoH2:39] Odontologo registrado: 
Id: 2 - numero Matricula: 1036666 - Nombre: Fredy - apellido: Ospina
[2023-08-10 01:37:10] [ INFO ] [OdontologoDaoH2:39] Odontologo registrado: 
Id: 3 - numero Matricula: 456781 - Nombre: Esneyder - apellido: Sanchez
[2023-08-10 01:37:11] [ INFO ] [OdontologoDaoH2:115] Los odontologos se encuentran listados: [
Id: 1 - numero Matricula: 123456 - Nombre: Patricia - apellido: Sanchez, 
Id: 2 - numero Matricula: 1036666 - Nombre: Fredy - apellido: Ospina, 
Id: 3 - numero Matricula: 456781 - Nombre: Esneyder - apellido: Sanchez]
[2023-08-10 01:37:32] [ INFO ] [OdontologDaoEnMemoria:22] Odontologo guardado: 
Id: 1 - numero Matricula: 4555454 - Nombre: Esneyder - apellido: De Sanchez
[2023-08-10 01:37:32] [ INFO ] [OdontologDaoEnMemoria:29] El Odontologo de ID 1se encuentra en la Base de Datos 
Id: 1 - numero Matricula: 4555454 - Nombre: Esneyder - apellido: De Sanchez
[2023-08-10 01:37:43] [ INFO ] [OdontologDaoEnMemoria:22] Odontologo guardado: 
Id: 1 - numero Matricula: 1123456 - Nombre: Patricia - apellido: Sanchez
[2023-08-10 01:37:43] [ INFO ] [OdontologDaoEnMemoria:22] Odontologo guardado: 
Id: 2 - numero Matricula: 1036666 - Nombre: Fredy - apellido: Ospina
[2023-08-10 01:37:43] [ INFO ] [OdontologDaoEnMemoria:35] Lista de todos los odontologos : /n[
Id: 1 - numero Matricula: 1123456 - Nombre: Patricia - apellido: Sanchez, 
Id: 2 - numero Matricula: 1036666 - Nombre: Fredy - apellido: Ospina]
